<?xml version="1.0" encoding="UTF-8"?>
<robot generator="Robot 4.1.3 (Python 3.10.2 on win32)" generated="20220523 23:25:36.065" rpa="false" schemaversion="2">
<suite id="s1" name="LoginInvalidUsername" source="C:\Users\mmarmule\PycharmProjects\automationpractice_robot\Test_cases\LoginInvalidUsername.robot">
<test id="s1-t1" name="Invalid user email login">
<kw name="Open shop main page" library="LoginPageNewUser">
<kw name="Open Browser" library="SeleniumLibrary">
<arg>${shopurl}</arg>
<arg>${browser}</arg>
<doc>Opens a new browser instance to the optional ``url``.</doc>
<msg timestamp="20220523 23:25:36.236" level="INFO">Opening browser 'Chrome' to base url 'http://automationpractice.com/index.php'.</msg>
<status status="PASS" starttime="20220523 23:25:36.235" endtime="20220523 23:25:45.801"/>
</kw>
<kw name="Maximize Browser Window" library="SeleniumLibrary">
<doc>Maximizes current browser window.</doc>
<status status="PASS" starttime="20220523 23:25:45.802" endtime="20220523 23:25:45.928"/>
</kw>
<status status="PASS" starttime="20220523 23:25:36.235" endtime="20220523 23:25:45.928"/>
</kw>
<kw name="Sign in page" library="LoginPageNewUser">
<kw name="Click Element" library="SeleniumLibrary">
<arg>${sing_in_button}</arg>
<doc>Click the element identified by ``locator``.</doc>
<msg timestamp="20220523 23:25:45.929" level="INFO">Clicking element 'class:login'.</msg>
<status status="PASS" starttime="20220523 23:25:45.928" endtime="20220523 23:25:53.172"/>
</kw>
<status status="PASS" starttime="20220523 23:25:45.928" endtime="20220523 23:25:53.172"/>
</kw>
<kw name="Enter invalid user email address" library="UserLogin">
<kw name="Input Text" library="SeleniumLibrary">
<arg>${email_login}</arg>
<arg>${invalid_user_email}</arg>
<doc>Types the given ``text`` into the text field identified by ``locator``.</doc>
<msg timestamp="20220523 23:25:53.173" level="INFO">Typing text 'test11@o2.pl' into text field 'id:email'.</msg>
<status status="PASS" starttime="20220523 23:25:53.172" endtime="20220523 23:25:53.227"/>
</kw>
<status status="PASS" starttime="20220523 23:25:53.172" endtime="20220523 23:25:53.227"/>
</kw>
<kw name="Enter user password" library="UserLogin">
<kw name="Input Text" library="SeleniumLibrary">
<arg>${password_login_field}</arg>
<arg>${password}</arg>
<doc>Types the given ``text`` into the text field identified by ``locator``.</doc>
<msg timestamp="20220523 23:25:53.228" level="INFO">Typing text 'wsbstudent' into text field 'id:passwd'.</msg>
<status status="PASS" starttime="20220523 23:25:53.228" endtime="20220523 23:25:53.287"/>
</kw>
<status status="PASS" starttime="20220523 23:25:53.228" endtime="20220523 23:25:53.287"/>
</kw>
<kw name="Click submit account button" library="UserLogin">
<kw name="Click Element" library="SeleniumLibrary">
<arg>${submit_login_button}</arg>
<doc>Click the element identified by ``locator``.</doc>
<msg timestamp="20220523 23:25:53.288" level="INFO">Clicking element 'id:SubmitLogin'.</msg>
<status status="PASS" starttime="20220523 23:25:53.288" endtime="20220523 23:26:03.002"/>
</kw>
<status status="PASS" starttime="20220523 23:25:53.287" endtime="20220523 23:26:03.002"/>
</kw>
<kw name="Error messages validation" library="UserLogin">
<kw name="Page Should Contain Element" library="SeleniumLibrary">
<arg>${error_msg_field}</arg>
<doc>Verifies that element ``locator`` is found on the current page.</doc>
<msg timestamp="20220523 23:26:03.011" level="INFO">Current page contains element '//body[@id='authentication']/div[@id='page']/div[@class='columns-container']/div[@id='columns']/div[@class='row']/div[@id='center_column']/div[1]'.</msg>
<status status="PASS" starttime="20220523 23:26:03.002" endtime="20220523 23:26:03.012"/>
</kw>
<status status="PASS" starttime="20220523 23:26:03.002" endtime="20220523 23:26:03.012"/>
</kw>
<kw name="Close All Browsers" library="SeleniumLibrary" type="TEARDOWN">
<doc>Closes all open browsers and resets the browser cache.</doc>
<status status="PASS" starttime="20220523 23:26:03.012" endtime="20220523 23:26:05.140"/>
</kw>
<status status="PASS" starttime="20220523 23:25:36.235" endtime="20220523 23:26:05.141"/>
</test>
<test id="s1-t2" name="Invalid user password login">
<kw name="Open shop main page" library="LoginPageNewUser">
<kw name="Open Browser" library="SeleniumLibrary">
<arg>${shopurl}</arg>
<arg>${browser}</arg>
<doc>Opens a new browser instance to the optional ``url``.</doc>
<msg timestamp="20220523 23:26:05.148" level="INFO">Opening browser 'Chrome' to base url 'http://automationpractice.com/index.php'.</msg>
<status status="PASS" starttime="20220523 23:26:05.147" endtime="20220523 23:26:20.927"/>
</kw>
<kw name="Maximize Browser Window" library="SeleniumLibrary">
<doc>Maximizes current browser window.</doc>
<status status="PASS" starttime="20220523 23:26:20.927" endtime="20220523 23:26:21.049"/>
</kw>
<status status="PASS" starttime="20220523 23:26:05.146" endtime="20220523 23:26:21.049"/>
</kw>
<kw name="Sign in page" library="LoginPageNewUser">
<kw name="Click Element" library="SeleniumLibrary">
<arg>${sing_in_button}</arg>
<doc>Click the element identified by ``locator``.</doc>
<msg timestamp="20220523 23:26:21.050" level="INFO">Clicking element 'class:login'.</msg>
<status status="PASS" starttime="20220523 23:26:21.050" endtime="20220523 23:26:27.534"/>
</kw>
<status status="PASS" starttime="20220523 23:26:21.049" endtime="20220523 23:26:27.535"/>
</kw>
<kw name="Enter user email address" library="UserLogin">
<kw name="Input Text" library="SeleniumLibrary">
<arg>${email_login}</arg>
<arg>${login}</arg>
<doc>Types the given ``text`` into the text field identified by ``locator``.</doc>
<msg timestamp="20220523 23:26:27.536" level="INFO">Typing text 'wsb@onet.pl' into text field 'id:email'.</msg>
<msg timestamp="20220523 23:26:27.700" level="INFO" html="true">&lt;/td&gt;&lt;/tr&gt;&lt;tr&gt;&lt;td colspan="3"&gt;&lt;a href="selenium-screenshot-4.png"&gt;&lt;img src="selenium-screenshot-4.png" width="800px"&gt;&lt;/a&gt;</msg>
<msg timestamp="20220523 23:26:27.702" level="FAIL">Element with locator 'id:email' not found.</msg>
<status status="FAIL" starttime="20220523 23:26:27.536" endtime="20220523 23:26:27.702"/>
</kw>
<status status="FAIL" starttime="20220523 23:26:27.535" endtime="20220523 23:26:27.702"/>
</kw>
<kw name="Enter user invalid password" library="UserLogin">
<status status="NOT RUN" starttime="20220523 23:26:27.703" endtime="20220523 23:26:27.703"/>
</kw>
<kw name="Click submit account button" library="UserLogin">
<status status="NOT RUN" starttime="20220523 23:26:27.703" endtime="20220523 23:26:27.703"/>
</kw>
<kw name="Error messages validation" library="UserLogin">
<status status="NOT RUN" starttime="20220523 23:26:27.704" endtime="20220523 23:26:27.704"/>
</kw>
<kw name="Close All Browsers" library="SeleniumLibrary" type="TEARDOWN">
<doc>Closes all open browsers and resets the browser cache.</doc>
<status status="PASS" starttime="20220523 23:26:27.704" endtime="20220523 23:26:29.837"/>
</kw>
<status status="FAIL" starttime="20220523 23:26:05.144" endtime="20220523 23:26:29.838">Element with locator 'id:email' not found.</status>
</test>
<status status="FAIL" starttime="20220523 23:25:36.066" endtime="20220523 23:26:29.843"/>
</suite>
<statistics>
<total>
<stat pass="1" fail="1" skip="0">All Tests</stat>
</total>
<tag>
</tag>
<suite>
<stat pass="1" fail="1" skip="0" id="s1" name="LoginInvalidUsername">LoginInvalidUsername</stat>
</suite>
</statistics>
<errors>
<msg timestamp="20220523 23:25:36.227" level="ERROR">Error in file 'C:\Users\mmarmule\PycharmProjects\automationpractice_robot\Page_objects\Variables.robot' on line 4: Setting 'Suite Setup' is not allowed in resource file.</msg>
</errors>
</robot>
