<?xml version="1.0" encoding="UTF-8"?>
<robot generator="Robot 4.1.3 (Python 3.10.2 on win32)" generated="20220522 20:09:54.043" rpa="false" schemaversion="2">
<suite id="s1" name="Registration Test" source="C:\Users\mmarmule\PycharmProjects\automationpractice_robot\Full_robot_files\registration_test.robot">
<test id="s1-t1" name="Test Registration">
<kw name="Open shop main page">
<kw name="Open Browser" library="SeleniumLibrary">
<arg>${shopurl}</arg>
<arg>${browser}</arg>
<doc>Opens a new browser instance to the optional ``url``.</doc>
<msg timestamp="20220522 20:09:54.292" level="INFO">Opening browser 'Chrome' to base url 'http://automationpractice.com/index.php'.</msg>
<status status="PASS" starttime="20220522 20:09:54.290" endtime="20220522 20:10:06.304"/>
</kw>
<status status="PASS" starttime="20220522 20:09:54.290" endtime="20220522 20:10:06.304"/>
</kw>
<kw name="Sign in page">
<kw name="Click Element" library="SeleniumLibrary">
<arg>${sing_in_button}</arg>
<doc>Click the element identified by ``locator``.</doc>
<msg timestamp="20220522 20:10:06.304" level="INFO">Clicking element 'class:login'.</msg>
<status status="PASS" starttime="20220522 20:10:06.304" endtime="20220522 20:10:09.484"/>
</kw>
<status status="PASS" starttime="20220522 20:10:06.304" endtime="20220522 20:10:09.484"/>
</kw>
<kw name="Enter a new email address">
<kw name="Input Text" library="SeleniumLibrary">
<arg>${email_field}</arg>
<arg>${user_email}</arg>
<doc>Types the given ``text`` into the text field identified by ``locator``.</doc>
<msg timestamp="20220522 20:10:09.484" level="INFO">Typing text 'test1@o2.pl' into text field 'id:email_create'.</msg>
<status status="PASS" starttime="20220522 20:10:09.484" endtime="20220522 20:10:09.581"/>
</kw>
<kw name="Click Element" library="SeleniumLibrary">
<arg>${create_account_button}</arg>
<doc>Click the element identified by ``locator``.</doc>
<msg timestamp="20220522 20:10:09.581" level="INFO">Clicking element 'id:SubmitCreate'.</msg>
<status status="PASS" starttime="20220522 20:10:09.581" endtime="20220522 20:10:09.661"/>
</kw>
<status status="PASS" starttime="20220522 20:10:09.484" endtime="20220522 20:10:09.661"/>
</kw>
<kw name="Enter your personal information">
<kw name="Wait Until Element Is Visible" library="SeleniumLibrary">
<arg>${mr_button}</arg>
<doc>Waits until the element ``locator`` is visible.</doc>
<status status="PASS" starttime="20220522 20:10:09.661" endtime="20220522 20:10:12.062"/>
</kw>
<kw name="Click Button" library="SeleniumLibrary">
<arg>${mr_button}</arg>
<doc>Clicks the button identified by ``locator``.</doc>
<msg timestamp="20220522 20:10:12.062" level="INFO">Clicking button 'id:id_gender1'.</msg>
<status status="PASS" starttime="20220522 20:10:12.062" endtime="20220522 20:10:12.111"/>
</kw>
<kw name="Input Text" library="SeleniumLibrary">
<arg>${first_name_field}</arg>
<arg>${first_name}</arg>
<doc>Types the given ``text`` into the text field identified by ``locator``.</doc>
<msg timestamp="20220522 20:10:12.111" level="INFO">Typing text 'Jan' into text field 'id:customer_firstname'.</msg>
<status status="PASS" starttime="20220522 20:10:12.111" endtime="20220522 20:10:12.205"/>
</kw>
<kw name="Input Text" library="SeleniumLibrary">
<arg>${last_name_field}</arg>
<arg>${last_name}</arg>
<doc>Types the given ``text`` into the text field identified by ``locator``.</doc>
<msg timestamp="20220522 20:10:12.205" level="INFO">Typing text 'Kowalski' into text field 'id:customer_lastname'.</msg>
<status status="PASS" starttime="20220522 20:10:12.205" endtime="20220522 20:10:12.292"/>
</kw>
<kw name="Input Text" library="SeleniumLibrary">
<arg>${password_field}</arg>
<arg>${short_password}</arg>
<doc>Types the given ``text`` into the text field identified by ``locator``.</doc>
<msg timestamp="20220522 20:10:12.294" level="INFO">Typing text 'test' into text field 'id:passwd'.</msg>
<status status="PASS" starttime="20220522 20:10:12.294" endtime="20220522 20:10:12.365"/>
</kw>
<kw name="Select From List By Value" library="SeleniumLibrary">
<arg>${days_field}</arg>
<arg>10</arg>
<doc>Selects options from selection list ``locator`` by ``values``.</doc>
<msg timestamp="20220522 20:10:12.373" level="INFO">Selecting options from selection list 'id:days' by value 10.</msg>
<status status="PASS" starttime="20220522 20:10:12.365" endtime="20220522 20:10:12.476"/>
</kw>
<kw name="Select From List By Value" library="SeleniumLibrary">
<arg>${months_field}</arg>
<arg>5</arg>
<doc>Selects options from selection list ``locator`` by ``values``.</doc>
<msg timestamp="20220522 20:10:12.476" level="INFO">Selecting options from selection list 'id:months' by value 5.</msg>
<status status="PASS" starttime="20220522 20:10:12.476" endtime="20220522 20:10:12.542"/>
</kw>
<kw name="Select From List By Value" library="SeleniumLibrary">
<arg>${years_field}</arg>
<arg>2005</arg>
<doc>Selects options from selection list ``locator`` by ``values``.</doc>
<msg timestamp="20220522 20:10:12.542" level="INFO">Selecting options from selection list 'id:years' by value 2005.</msg>
<status status="PASS" starttime="20220522 20:10:12.542" endtime="20220522 20:10:12.611"/>
</kw>
<status status="PASS" starttime="20220522 20:10:09.661" endtime="20220522 20:10:12.611"/>
</kw>
<kw name="Enter address information">
<kw name="Input Text" library="SeleniumLibrary">
<arg>${addres_field}</arg>
<arg>${addres}</arg>
<doc>Types the given ``text`` into the text field identified by ``locator``.</doc>
<msg timestamp="20220522 20:10:12.611" level="INFO">Typing text '586 Turnpike Rd New' into text field 'id:address1'.</msg>
<status status="PASS" starttime="20220522 20:10:12.611" endtime="20220522 20:10:12.722"/>
</kw>
<kw name="Input Text" library="SeleniumLibrary">
<arg>${city_field}</arg>
<arg>${city}</arg>
<doc>Types the given ``text`` into the text field identified by ``locator``.</doc>
<msg timestamp="20220522 20:10:12.722" level="INFO">Typing text 'New Ipswich' into text field 'id:city'.</msg>
<status status="PASS" starttime="20220522 20:10:12.722" endtime="20220522 20:10:12.805"/>
</kw>
<kw name="Select From List By Value" library="SeleniumLibrary">
<arg>${state_field}</arg>
<arg>${state}</arg>
<doc>Selects options from selection list ``locator`` by ``values``.</doc>
<msg timestamp="20220522 20:10:12.805" level="INFO">Selecting options from selection list 'id_state' by value 29.</msg>
<status status="PASS" starttime="20220522 20:10:12.805" endtime="20220522 20:10:12.871"/>
</kw>
<kw name="Input Text" library="SeleniumLibrary">
<arg>${postcode_field}</arg>
<arg>${postcode}</arg>
<doc>Types the given ``text`` into the text field identified by ``locator``.</doc>
<msg timestamp="20220522 20:10:12.871" level="INFO">Typing text '03071' into text field 'id:postcode'.</msg>
<status status="PASS" starttime="20220522 20:10:12.871" endtime="20220522 20:10:12.969"/>
</kw>
<status status="PASS" starttime="20220522 20:10:12.611" endtime="20220522 20:10:12.969"/>
</kw>
<kw name="Enter mobile phone">
<kw name="Input Text" library="SeleniumLibrary">
<arg>${mobile_field}</arg>
<arg>${mobile}</arg>
<doc>Types the given ``text`` into the text field identified by ``locator``.</doc>
<msg timestamp="20220522 20:10:12.969" level="INFO">Typing text '555123456' into text field 'id:phone_mobile'.</msg>
<status status="PASS" starttime="20220522 20:10:12.969" endtime="20220522 20:10:13.061"/>
</kw>
<status status="PASS" starttime="20220522 20:10:12.969" endtime="20220522 20:10:13.061"/>
</kw>
<kw name="Submit registration form">
<kw name="Sleep" library="BuiltIn">
<arg>10</arg>
<doc>Pauses the test executed for the given time.</doc>
<msg timestamp="20220522 20:10:23.062" level="INFO">Slept 10 seconds</msg>
<status status="PASS" starttime="20220522 20:10:13.061" endtime="20220522 20:10:23.062"/>
</kw>
<kw name="Close Browser" library="SeleniumLibrary">
<doc>Closes the current browser.</doc>
<status status="PASS" starttime="20220522 20:10:23.062" endtime="20220522 20:10:25.202"/>
</kw>
<status status="PASS" starttime="20220522 20:10:13.061" endtime="20220522 20:10:25.202"/>
</kw>
<tag>New user registration</tag>
<status status="PASS" starttime="20220522 20:09:54.290" endtime="20220522 20:10:25.202"/>
</test>
<test id="s1-t2" name="User login with an invalid email">
<kw name="Open shop main page 2">
<kw name="Open Browser" library="SeleniumLibrary">
<arg>${shopurl}</arg>
<arg>${browser}</arg>
<doc>Opens a new browser instance to the optional ``url``.</doc>
<msg timestamp="20220522 20:10:25.202" level="INFO">Opening browser 'Chrome' to base url 'http://automationpractice.com/index.php'.</msg>
<status status="PASS" starttime="20220522 20:10:25.202" endtime="20220522 20:10:40.542"/>
</kw>
<status status="PASS" starttime="20220522 20:10:25.202" endtime="20220522 20:10:40.542"/>
</kw>
<kw name="Sign in page 2">
<kw name="Click Element" library="SeleniumLibrary">
<arg>${sing_in_button}</arg>
<doc>Click the element identified by ``locator``.</doc>
<msg timestamp="20220522 20:10:40.542" level="INFO">Clicking element 'class:login'.</msg>
<status status="PASS" starttime="20220522 20:10:40.542" endtime="20220522 20:10:54.472"/>
</kw>
<kw name="Wait Until Element Is Visible" library="SeleniumLibrary">
<arg>${submit_login_button}</arg>
<doc>Waits until the element ``locator`` is visible.</doc>
<status status="PASS" starttime="20220522 20:10:54.472" endtime="20220522 20:10:54.501"/>
</kw>
<status status="PASS" starttime="20220522 20:10:40.542" endtime="20220522 20:10:54.501"/>
</kw>
<kw name="Enter invalid email">
<kw name="Input Text" library="SeleniumLibrary">
<arg>${email_login}</arg>
<arg>${user_email}</arg>
<doc>Types the given ``text`` into the text field identified by ``locator``.</doc>
<msg timestamp="20220522 20:10:54.501" level="INFO">Typing text 'test1@o2.pl' into text field 'id:email'.</msg>
<status status="PASS" starttime="20220522 20:10:54.501" endtime="20220522 20:10:54.589"/>
</kw>
<status status="PASS" starttime="20220522 20:10:54.501" endtime="20220522 20:10:54.589"/>
</kw>
<kw name="Enter valid password">
<kw name="Input Text" library="SeleniumLibrary">
<arg>${password_login}</arg>
<arg>${password}</arg>
<doc>Types the given ``text`` into the text field identified by ``locator``.</doc>
<msg timestamp="20220522 20:10:54.589" level="INFO">Typing text 'wsbstudent' into text field 'id:passwd'.</msg>
<status status="PASS" starttime="20220522 20:10:54.589" endtime="20220522 20:10:54.682"/>
</kw>
<status status="PASS" starttime="20220522 20:10:54.589" endtime="20220522 20:10:54.682"/>
</kw>
<kw name="Submit login data 2">
<kw name="Click Button" library="SeleniumLibrary">
<arg>${submit_login_button}</arg>
<doc>Clicks the button identified by ``locator``.</doc>
<msg timestamp="20220522 20:10:54.682" level="INFO">Clicking button 'id:SubmitLogin'.</msg>
<status status="PASS" starttime="20220522 20:10:54.682" endtime="20220522 20:10:59.582"/>
</kw>
<kw name="Close Browser" library="SeleniumLibrary">
<doc>Closes the current browser.</doc>
<status status="PASS" starttime="20220522 20:10:59.582" endtime="20220522 20:11:01.722"/>
</kw>
<status status="PASS" starttime="20220522 20:10:54.682" endtime="20220522 20:11:01.722"/>
</kw>
<tag>Invalid email login</tag>
<status status="PASS" starttime="20220522 20:10:25.202" endtime="20220522 20:11:01.722"/>
</test>
<test id="s1-t3" name="User login with an invalid email">
<kw name="Open shop main page 3">
<kw name="Open Browser" library="SeleniumLibrary">
<arg>${shopurl}</arg>
<arg>${browser}</arg>
<doc>Opens a new browser instance to the optional ``url``.</doc>
<msg timestamp="20220522 20:11:01.722" level="INFO">Opening browser 'Chrome' to base url 'http://automationpractice.com/index.php'.</msg>
<status status="PASS" starttime="20220522 20:11:01.722" endtime="20220522 20:11:15.450"/>
</kw>
<status status="PASS" starttime="20220522 20:11:01.722" endtime="20220522 20:11:15.450"/>
</kw>
<kw name="Sign in page 3">
<kw name="Click Element" library="SeleniumLibrary">
<arg>${sing_in_button}</arg>
<doc>Click the element identified by ``locator``.</doc>
<msg timestamp="20220522 20:11:15.452" level="INFO">Clicking element 'class:login'.</msg>
<status status="PASS" starttime="20220522 20:11:15.450" endtime="20220522 20:11:33.644"/>
</kw>
<kw name="Wait Until Element Is Visible" library="SeleniumLibrary">
<arg>${submit_login_button}</arg>
<doc>Waits until the element ``locator`` is visible.</doc>
<status status="PASS" starttime="20220522 20:11:33.644" endtime="20220522 20:11:33.668"/>
</kw>
<status status="PASS" starttime="20220522 20:11:15.450" endtime="20220522 20:11:33.668"/>
</kw>
<kw name="Enter valid email">
<kw name="Input Text" library="SeleniumLibrary">
<arg>${email_login}</arg>
<arg>${invalid_user_email}</arg>
<doc>Types the given ``text`` into the text field identified by ``locator``.</doc>
<msg timestamp="20220522 20:11:33.672" level="INFO">Typing text 'test103@o2.pl' into text field 'id:email'.</msg>
<status status="PASS" starttime="20220522 20:11:33.672" endtime="20220522 20:11:33.757"/>
</kw>
<status status="PASS" starttime="20220522 20:11:33.672" endtime="20220522 20:11:33.757"/>
</kw>
<kw name="Enter invalid password">
<kw name="Input Text" library="SeleniumLibrary">
<arg>${password_login}</arg>
<arg>${password}</arg>
<doc>Types the given ``text`` into the text field identified by ``locator``.</doc>
<msg timestamp="20220522 20:11:33.757" level="INFO">Typing text 'wsbstudent' into text field 'id:passwd'.</msg>
<status status="PASS" starttime="20220522 20:11:33.757" endtime="20220522 20:11:33.851"/>
</kw>
<status status="PASS" starttime="20220522 20:11:33.757" endtime="20220522 20:11:33.851"/>
</kw>
<kw name="Submit login data 3">
<kw name="Click Button" library="SeleniumLibrary">
<arg>${submit_login_button}</arg>
<doc>Clicks the button identified by ``locator``.</doc>
<msg timestamp="20220522 20:11:33.851" level="INFO">Clicking button 'id:SubmitLogin'.</msg>
<status status="PASS" starttime="20220522 20:11:33.851" endtime="20220522 20:11:43.291"/>
</kw>
<kw name="Close Browser" library="SeleniumLibrary">
<doc>Closes the current browser.</doc>
<status status="PASS" starttime="20220522 20:11:43.291" endtime="20220522 20:11:45.392"/>
</kw>
<status status="PASS" starttime="20220522 20:11:33.851" endtime="20220522 20:11:45.392"/>
</kw>
<tag>Invalid password login</tag>
<status status="PASS" starttime="20220522 20:11:01.722" endtime="20220522 20:11:45.392"/>
</test>
<doc>Suite description</doc>
<status status="PASS" starttime="20220522 20:09:54.051" endtime="20220522 20:11:45.392"/>
</suite>
<statistics>
<total>
<stat pass="3" fail="0" skip="0">All Tests</stat>
</total>
<tag>
<stat pass="1" fail="0" skip="0">Invalid email login</stat>
<stat pass="1" fail="0" skip="0">Invalid password login</stat>
<stat pass="1" fail="0" skip="0">New user registration</stat>
</tag>
<suite>
<stat pass="3" fail="0" skip="0" id="s1" name="Registration Test">Registration Test</stat>
</suite>
</statistics>
<errors>
<msg timestamp="20220522 20:11:01.722" level="WARN">Multiple test cases with name 'User login with an invalid email' executed in test suite 'Registration Test'.</msg>
</errors>
</robot>
